0 info it worked if it ends with ok
1 verbose cli [ 'C:\\Program Files\\nodejs\\node.exe',
1 verbose cli   'C:\\Program Files\\nodejs\\node_modules\\npm\\bin\\npm-cli.js',
1 verbose cli   'run',
1 verbose cli   'test:watch' ]
2 info using npm@3.10.10
3 info using node@v6.10.3
4 verbose run-script [ 'pretest:watch', 'test:watch', 'posttest:watch' ]
5 info lifecycle mine-fields@1.0.0~pretest:watch: mine-fields@1.0.0
6 silly lifecycle mine-fields@1.0.0~pretest:watch: no script for pretest:watch, continuing
7 info lifecycle mine-fields@1.0.0~test:watch: mine-fields@1.0.0
8 verbose lifecycle mine-fields@1.0.0~test:watch: unsafe-perm in lifecycle true
9 verbose lifecycle mine-fields@1.0.0~test:watch: PATH: C:\Program Files\nodejs\node_modules\npm\bin\node-gyp-bin;C:\Users\sabina.garagic\Desktop\Projects\MineFields\node_modules\.bin;C:\Program Files\ConEmu\ConEmu\Scripts;C:\Program Files\ConEmu;C:\Program Files\ConEmu\ConEmu;C:\ProgramData\Oracle\Java\javapath;C:\Windows\system32;C:\Windows;C:\Windows\System32\Wbem;C:\Windows\System32\WindowsPowerShell\v1.0\;C:\Windows\CCM\_SCCM_Inst_Logs;C:\Windows\CCM;C:\WINDOWS\CCM;C:\Windows\CCM\_SCCM_Inst_Logs;C:\WINDOWS\CCM;C:\Windows\CCM\_SCCM_Inst_Logs;C:\WINDOWS\CCM;C:\Windows\CCM\_SCCM_Inst_Logs;C:\Program Files (x86)\Skype\Phone\;C:\WINDOWS\CCM;C:\WINDOWS\CCM;C:\Windows\CCM\_SCCM_Inst_Logs;C:\Windows\CCM\_SCCM_Inst_Logs;C:\WINDOWS\CCM;C:\Windows\CCM\_SCCM_Inst_Logs;C:\Program Files (x86)\Plantronics\Spokes3G\;C:\Program Files\nodejs\;C:\Program Files\Microsoft SQL Server\130\Tools\Binn\;C:\Program Files\dotnet\;C:\ProgramData\chocolatey\bin;C:\WINDOWS\System32\WindowsPowerShell\v1.0\;C:\Program Files\Microsoft Windows Performance Toolkit\;C:\Program Files\Microsoft SQL Server\120\Tools\Binn\;C:\Program Files\Git\cmd;C:\Program Files (x86)\Microsoft VS Code\bin;C:\Users\sabina.garagic\AppData\Roaming\npm;C:\Users\sabina.garagic\AppData\Local\Programs\Git\cmd
10 verbose lifecycle mine-fields@1.0.0~test:watch: CWD: C:\Users\sabina.garagic\Desktop\Projects\MineFields
11 silly lifecycle mine-fields@1.0.0~test:watch: Args: [ '/d /s /c', 'mocha *.specs.js --watch' ]
12 silly lifecycle mine-fields@1.0.0~test:watch: Returned: code: 3221225786  signal: null
13 info lifecycle mine-fields@1.0.0~test:watch: Failed to exec test:watch script
14 verbose stack Error: mine-fields@1.0.0 test:watch: `mocha *.specs.js --watch`
14 verbose stack Exit status 3221225786
14 verbose stack     at EventEmitter.<anonymous> (C:\Program Files\nodejs\node_modules\npm\lib\utils\lifecycle.js:255:16)
14 verbose stack     at emitTwo (events.js:106:13)
14 verbose stack     at EventEmitter.emit (events.js:191:7)
14 verbose stack     at ChildProcess.<anonymous> (C:\Program Files\nodejs\node_modules\npm\lib\utils\spawn.js:40:14)
14 verbose stack     at emitTwo (events.js:106:13)
14 verbose stack     at ChildProcess.emit (events.js:191:7)
14 verbose stack     at maybeClose (internal/child_process.js:886:16)
14 verbose stack     at Process.ChildProcess._handle.onexit (internal/child_process.js:226:5)
15 verbose pkgid mine-fields@1.0.0
16 verbose cwd C:\Users\sabina.garagic\Desktop\Projects\MineFields
17 error Windows_NT 6.1.7601
18 error argv "C:\\Program Files\\nodejs\\node.exe" "C:\\Program Files\\nodejs\\node_modules\\npm\\bin\\npm-cli.js" "run" "test:watch"
19 error node v6.10.3
20 error npm  v3.10.10
21 error code ELIFECYCLE
22 error mine-fields@1.0.0 test:watch: `mocha *.specs.js --watch`
22 error Exit status 3221225786
23 error Failed at the mine-fields@1.0.0 test:watch script 'mocha *.specs.js --watch'.
23 error Make sure you have the latest version of node.js and npm installed.
23 error If you do, this is most likely a problem with the mine-fields package,
23 error not with npm itself.
23 error Tell the author that this fails on your system:
23 error     mocha *.specs.js --watch
23 error You can get information on how to open an issue for this project with:
23 error     npm bugs mine-fields
23 error Or if that isn't available, you can get their info via:
23 error     npm owner ls mine-fields
23 error There is likely additional logging output above.
24 verbose exit [ 1, true ]
